<?xml version="1.0" encoding="UTF-8"?>
<!-- Generated by org.testng.reporters.JUnitReportReporter -->
<testsuite skipped="0" hostname="LAPTOP-7DB4GVKK" name="com.demoQA.tests.ToolTip_Test" tests="4" failures="0" timestamp="2022-09-13T00:24:55 IST" time="0.924" errors="0">
  <testcase name="verifyEnterText" time="0.174" classname="com.demoQA.tests.ToolTip_Test"/>
  <testcase name="verifyHoverFieldText" time="0.391" classname="com.demoQA.tests.ToolTip_Test"/>
  <testcase name="verifyTitle" time="0.029" classname="com.demoQA.tests.ToolTip_Test"/>
  <testcase name="verifyHoverText" time="0.330" classname="com.demoQA.tests.ToolTip_Test"/>
</testsuite> <!-- com.demoQA.tests.ToolTip_Test -->
