<?xml version="1.0" encoding="UTF-8"?>
<!-- Generated by org.testng.reporters.JUnitReportReporter -->
<testsuite skipped="0" hostname="LAPTOP-7DB4GVKK" name="com.demoQA.tests.HomePage_Test" tests="1" failures="0" timestamp="2022-09-13T00:24:55 IST" time="0.128" errors="0">
  <testcase name="testElement" time="0.128" classname="com.demoQA.tests.HomePage_Test"/>
</testsuite> <!-- com.demoQA.tests.HomePage_Test -->
