<?xml version="1.0" encoding="UTF-8"?>
<!-- Generated by org.testng.reporters.JUnitReportReporter -->
<testsuite skipped="0" hostname="LAPTOP-7DB4GVKK" name="com.demoQA.tests.Element_Page_Test" tests="3" failures="0" timestamp="2022-09-14T22:29:54 IST" time="0.330" errors="0">
  <testcase name="testCheckBox" time="0.113" classname="com.demoQA.tests.Element_Page_Test"/>
  <testcase name="testTextBox" time="0.101" classname="com.demoQA.tests.Element_Page_Test"/>
  <testcase name="testRadioButtons" time="0.116" classname="com.demoQA.tests.Element_Page_Test"/>
</testsuite> <!-- com.demoQA.tests.Element_Page_Test -->
