<?xml version="1.0" encoding="UTF-8"?>
<!-- Generated by org.testng.reporters.JUnitReportReporter -->
<testsuite skipped="0" hostname="LAPTOP-7DB4GVKK" name="com.demoQA.tests.ToolTip_Test" tests="4" failures="0" timestamp="2022-09-14T22:29:54 IST" time="1.652" errors="0">
  <testcase name="verifyHoverText" time="0.623" classname="com.demoQA.tests.ToolTip_Test"/>
  <testcase name="verifyTitle" time="0.083" classname="com.demoQA.tests.ToolTip_Test"/>
  <testcase name="verifyEnterText" time="0.437" classname="com.demoQA.tests.ToolTip_Test"/>
  <testcase name="verifyHoverFieldText" time="0.509" classname="com.demoQA.tests.ToolTip_Test"/>
</testsuite> <!-- com.demoQA.tests.ToolTip_Test -->
