<?xml version="1.0" encoding="UTF-8"?>
<!-- Generated by org.testng.reporters.JUnitReportReporter -->
<<<<<<< HEAD
<testsuite skipped="0" hostname="LAPTOP-7DB4GVKK" name="com.demoQA.tests.Element_Page_Test" tests="3" failures="0" timestamp="2022-09-13T00:24:55 IST" time="0.333" errors="0">
  <testcase name="testCheckBox" time="0.142" classname="com.demoQA.tests.Element_Page_Test"/>
  <testcase name="testTextBox" time="0.099" classname="com.demoQA.tests.Element_Page_Test"/>
  <testcase name="testRadioButtons" time="0.092" classname="com.demoQA.tests.Element_Page_Test"/>
=======
<testsuite skipped="0" hostname="LAPTOP-7DB4GVKK" name="com.demoQA.tests.Element_Page_Test" tests="3" failures="0" timestamp="2022-09-14T22:29:54 IST" time="0.330" errors="0">
  <testcase name="testCheckBox" time="0.113" classname="com.demoQA.tests.Element_Page_Test"/>
  <testcase name="testTextBox" time="0.101" classname="com.demoQA.tests.Element_Page_Test"/>
  <testcase name="testRadioButtons" time="0.116" classname="com.demoQA.tests.Element_Page_Test"/>
>>>>>>> 6364e11fe48bb0a3f1a8a329bea4d2c995220102
</testsuite> <!-- com.demoQA.tests.Element_Page_Test -->
