<?xml version="1.0" encoding="UTF-8"?>
<!-- Generated by org.testng.reporters.JUnitReportReporter -->
<testsuite skipped="0" hostname="LAPTOP-7DB4GVKK" name="com.demoQA.tests.Frame_Test" tests="2" failures="0" timestamp="2022-09-13T00:24:55 IST" time="0.255" errors="0">
  <testcase name="verifyTitle" time="0.034" classname="com.demoQA.tests.Frame_Test"/>
  <testcase name="testFrame" time="0.221" classname="com.demoQA.tests.Frame_Test"/>
</testsuite> <!-- com.demoQA.tests.Frame_Test -->
