<?xml version="1.0" encoding="UTF-8"?>
<!-- Generated by org.testng.reporters.JUnitReportReporter -->
<<<<<<< HEAD
<testsuite skipped="0" hostname="LAPTOP-7DB4GVKK" name="com.demoQA.tests.Droppable_Test" tests="4" failures="0" timestamp="2022-09-13T00:24:55 IST" time="4.602" errors="0">
  <testcase name="verifyDragDrop" time="3.834" classname="com.demoQA.tests.Droppable_Test"/>
  <testcase name="verifyTitle" time="0.055" classname="com.demoQA.tests.Droppable_Test"/>
  <testcase name="verifyAccepatbleDragDrop" time="0.377" classname="com.demoQA.tests.Droppable_Test"/>
  <testcase name="verifyNotAccepatbleDragDrop" time="0.336" classname="com.demoQA.tests.Droppable_Test"/>
=======
<testsuite skipped="0" hostname="LAPTOP-7DB4GVKK" name="com.demoQA.tests.Droppable_Test" tests="4" failures="0" timestamp="2022-09-14T22:29:54 IST" time="9.269" errors="0">
  <testcase name="verifyTitle" time="0.060" classname="com.demoQA.tests.Droppable_Test"/>
  <testcase name="verifyAccepatbleDragDrop" time="0.437" classname="com.demoQA.tests.Droppable_Test"/>
  <testcase name="verifyDragDrop" time="8.384" classname="com.demoQA.tests.Droppable_Test"/>
  <testcase name="verifyNotAccepatbleDragDrop" time="0.388" classname="com.demoQA.tests.Droppable_Test"/>
>>>>>>> 6364e11fe48bb0a3f1a8a329bea4d2c995220102
</testsuite> <!-- com.demoQA.tests.Droppable_Test -->
