<?xml version="1.0" encoding="UTF-8"?>
<!-- Generated by org.testng.reporters.JUnitReportReporter -->
<testsuite skipped="0" hostname="LAPTOP-7DB4GVKK" name="com.demoQA.tests.RadioButtons_Test" tests="3" failures="0" timestamp="2022-09-14T22:29:54 IST" time="0.267" errors="0">
  <testcase name="testYesBtn" time="0.099" classname="com.demoQA.tests.RadioButtons_Test"/>
  <testcase name="testHeaderTxt" time="0.046" classname="com.demoQA.tests.RadioButtons_Test"/>
  <testcase name="testImpressiveBtn" time="0.122" classname="com.demoQA.tests.RadioButtons_Test"/>
</testsuite> <!-- com.demoQA.tests.RadioButtons_Test -->
