<?xml version="1.0" encoding="UTF-8"?>
<!-- Generated by org.testng.reporters.JUnitReportReporter -->
<<<<<<< HEAD
<testsuite skipped="0" hostname="LAPTOP-7DB4GVKK" name="com.demoQA.tests.NestedFrames_Test" tests="2" failures="0" timestamp="2022-09-13T00:24:55 IST" time="0.376" errors="0">
  <testcase name="verifyTitle" time="0.029" classname="com.demoQA.tests.NestedFrames_Test"/>
  <testcase name="verifyNestedFrame" time="0.347" classname="com.demoQA.tests.NestedFrames_Test"/>
=======
<testsuite skipped="0" hostname="LAPTOP-7DB4GVKK" name="com.demoQA.tests.NestedFrames_Test" tests="2" failures="0" timestamp="2022-09-14T22:29:54 IST" time="3.270" errors="0">
  <testcase name="verifyTitle" time="0.042" classname="com.demoQA.tests.NestedFrames_Test"/>
  <testcase name="verifyNestedFrame" time="3.228" classname="com.demoQA.tests.NestedFrames_Test"/>
>>>>>>> 6364e11fe48bb0a3f1a8a329bea4d2c995220102
</testsuite> <!-- com.demoQA.tests.NestedFrames_Test -->
