<?xml version="1.0" encoding="UTF-8"?>
<!-- Generated by org.testng.reporters.JUnitReportReporter -->
<testsuite skipped="0" hostname="LAPTOP-7DB4GVKK" name="com.demoQA.tests.NestedFrames_Test" tests="2" failures="0" timestamp="2022-09-13T00:24:55 IST" time="0.376" errors="0">
  <testcase name="verifyTitle" time="0.029" classname="com.demoQA.tests.NestedFrames_Test"/>
  <testcase name="verifyNestedFrame" time="0.347" classname="com.demoQA.tests.NestedFrames_Test"/>
</testsuite> <!-- com.demoQA.tests.NestedFrames_Test -->
