<?xml version="1.0" encoding="UTF-8"?>
<!-- Generated by org.testng.reporters.JUnitReportReporter -->
<<<<<<< HEAD
<testsuite skipped="0" hostname="LAPTOP-7DB4GVKK" name="com.demoQA.tests.Widgets_Test" tests="3" failures="0" timestamp="2022-09-13T00:24:54 IST" time="0.221" errors="0">
  <testcase name="getTitleOFProgressBar" time="0.088" classname="com.demoQA.tests.Widgets_Test"/>
  <testcase name="getTitle" time="0.033" classname="com.demoQA.tests.Widgets_Test"/>
  <testcase name="getTitleOFDatepicker" time="0.100" classname="com.demoQA.tests.Widgets_Test"/>
=======
<testsuite skipped="0" hostname="LAPTOP-7DB4GVKK" name="com.demoQA.tests.Widgets_Test" tests="3" failures="0" timestamp="2022-09-14T22:29:54 IST" time="0.273" errors="0">
  <testcase name="getTitleOFDatepicker" time="0.112" classname="com.demoQA.tests.Widgets_Test"/>
  <testcase name="getTitle" time="0.041" classname="com.demoQA.tests.Widgets_Test"/>
  <testcase name="getTitleOFProgressBar" time="0.120" classname="com.demoQA.tests.Widgets_Test"/>
>>>>>>> 6364e11fe48bb0a3f1a8a329bea4d2c995220102
</testsuite> <!-- com.demoQA.tests.Widgets_Test -->
