<?xml version="1.0" encoding="UTF-8"?>
<!-- Generated by org.testng.reporters.JUnitReportReporter -->
<testsuite skipped="0" hostname="LAPTOP-7DB4GVKK" name="com.demoQA.tests.ProgressBar_Test" tests="2" failures="0" timestamp="2022-09-14T22:29:54 IST" time="7.775" errors="0">
  <testcase name="verifyProgressBar" time="7.736" classname="com.demoQA.tests.ProgressBar_Test"/>
  <testcase name="verifyTitle" time="0.039" classname="com.demoQA.tests.ProgressBar_Test"/>
</testsuite> <!-- com.demoQA.tests.ProgressBar_Test -->
