<?xml version="1.0" encoding="UTF-8"?>
<!-- Generated by org.testng.reporters.JUnitReportReporter -->
<<<<<<< HEAD
<testsuite skipped="0" hostname="LAPTOP-7DB4GVKK" name="com.demoQA.tests.Frame_Test" tests="2" failures="0" timestamp="2022-09-13T00:24:55 IST" time="0.255" errors="0">
  <testcase name="verifyTitle" time="0.034" classname="com.demoQA.tests.Frame_Test"/>
  <testcase name="testFrame" time="0.221" classname="com.demoQA.tests.Frame_Test"/>
=======
<testsuite skipped="0" hostname="LAPTOP-7DB4GVKK" name="com.demoQA.tests.Frame_Test" tests="2" failures="0" timestamp="2022-09-14T22:29:54 IST" time="0.813" errors="0">
  <testcase name="verifyTitle" time="0.037" classname="com.demoQA.tests.Frame_Test"/>
  <testcase name="testFrame" time="0.776" classname="com.demoQA.tests.Frame_Test"/>
>>>>>>> 6364e11fe48bb0a3f1a8a329bea4d2c995220102
</testsuite> <!-- com.demoQA.tests.Frame_Test -->
