<?xml version="1.0" encoding="UTF-8"?>
<!-- Generated by org.testng.reporters.JUnitReportReporter -->
<testsuite skipped="0" hostname="LAPTOP-7DB4GVKK" name="com.demoQA.tests.ProgressBar_Test" tests="2" failures="0" timestamp="2022-09-13T00:24:55 IST" time="7.164" errors="0">
  <testcase name="verifyTitle" time="0.035" classname="com.demoQA.tests.ProgressBar_Test"/>
  <testcase name="verifyProgressBar" time="7.129" classname="com.demoQA.tests.ProgressBar_Test"/>
</testsuite> <!-- com.demoQA.tests.ProgressBar_Test -->
