<?xml version="1.0" encoding="UTF-8"?>
<!-- Generated by org.testng.reporters.JUnitReportReporter -->
<testsuite skipped="0" hostname="LAPTOP-7DB4GVKK" name="com.demoQA.tests.Alert_Test" tests="5" failures="0" timestamp="2022-09-14T22:29:54 IST" time="5.617" errors="0">
  <testcase name="testTimerAlert" time="5.195" classname="com.demoQA.tests.Alert_Test"/>
  <testcase name="testConfirmAlert" time="0.120" classname="com.demoQA.tests.Alert_Test"/>
  <testcase name="testAlert" time="0.120" classname="com.demoQA.tests.Alert_Test"/>
  <testcase name="testPromptAlert" time="0.139" classname="com.demoQA.tests.Alert_Test"/>
  <testcase name="testTitle" time="0.043" classname="com.demoQA.tests.Alert_Test"/>
</testsuite> <!-- com.demoQA.tests.Alert_Test -->
