<?xml version="1.0" encoding="UTF-8"?>
<!-- Generated by org.testng.reporters.JUnitReportReporter -->
<testsuite skipped="0" hostname="LAPTOP-7DB4GVKK" name="com.demoQA.tests.Element_Page_Test" tests="3" failures="0" timestamp="2022-09-13T00:24:55 IST" time="0.333" errors="0">
  <testcase name="testCheckBox" time="0.142" classname="com.demoQA.tests.Element_Page_Test"/>
  <testcase name="testTextBox" time="0.099" classname="com.demoQA.tests.Element_Page_Test"/>
  <testcase name="testRadioButtons" time="0.092" classname="com.demoQA.tests.Element_Page_Test"/>
</testsuite> <!-- com.demoQA.tests.Element_Page_Test -->
