<?xml version="1.0" encoding="UTF-8"?>
<!-- Generated by org.testng.reporters.JUnitReportReporter -->
<testsuite skipped="0" hostname="LAPTOP-7DB4GVKK" name="com.demoQA.tests.Alert_Test" tests="1" failures="0" timestamp="2022-09-28T00:40:13 IST" time="0.524" errors="0">
  <testcase name="testPromptAlert" time="0.524" classname="com.demoQA.tests.Alert_Test"/>
</testsuite> <!-- com.demoQA.tests.Alert_Test -->
